<?xml version="1.0" encoding="UTF-8"?>
<!-- Generated by org.testng.reporters.JUnitXMLReporter -->
<testsuite hostname="LAPTOP-O680H5P2" name="Zoopla.com" tests="3" failures="0" timestamp="22 Aug 2019 23:48:56 GMT" time="54.303" errors="0">
  <testcase name="verifyhomePageTitleTest" time="0.069" classname="com.zoopla.tests.HomePageTest"/>
  <testcase name="verifysearchLocation" time="9.587" classname="com.zoopla.tests.HomePageTest"/>
  <testcase name="getAllPropertiesPrice" time="6.514" classname="com.zoopla.tests.ForSalePageTest"/>
</testsuite> <!-- Zoopla.com -->
