-------------------------------------------------------------------------------
Test set: TestSuite
-------------------------------------------------------------------------------
Tests run: 5, Failures: 1, Errors: 0, Skipped: 0, Time elapsed: 89.742 s <<< FAILURE! - in TestSuite
verifyAgentDetailTest(com.zoopla.tests.AgentDetailsPageTest)  Time elapsed: 0.366 s  <<< FAILURE!
java.lang.AssertionError: expected [Equity - Hertford Road, EN3] but found []
	at com.zoopla.tests.AgentDetailsPageTest.verifyAgentDetailTest(AgentDetailsPageTest.java:47)

