<?xml version="1.0" encoding="UTF-8"?>
<testsuite xmlns:xsi="http://www.w3.org/2001/XMLSchema-instance" xsi:noNamespaceSchemaLocation="https://maven.apache.org/surefire/maven-surefire-plugin/xsd/surefire-test-report.xsd" name="TestSuite" time="89.742" tests="5" errors="0" skipped="0" failures="1">
  <properties>
[...]
</properties>
  <testcase name="verifyhomePageTitleTest" classname="com.zoopla.tests.HomePageTest" time="0.369"/>
  <testcase name="verifysearchLocation" classname="com.zoopla.tests.HomePageTest" time="5.766"/>
  <testcase name="getAllPropertiesPrice" classname="com.zoopla.tests.ForSalePageTest" time="3.27"/>
  <testcase name="getAgentDetailTest" classname="com.zoopla.tests.PropertyDtlPageTest" time="0.188"/>
  <testcase name="verifyAgentDetailTest" classname="com.zoopla.tests.AgentDetailsPageTest" time="0.366">
    <failure message="expected [Equity - Hertford Road, EN3] but found []" type="java.lang.AssertionError">java.lang.AssertionError: expected [Equity - Hertford Road, EN3] but found []
	at com.zoopla.tests.AgentDetailsPageTest.verifyAgentDetailTest(AgentDetailsPageTest.java:47)
</failure>
    <system-out><![CDATA[I am in onTestStart method verifyAgentDetailTest start
I am in on TestFailure method verifyAgentDetailTest failed
Screenshot captured for test case:verifyAgentDetailTest
]]></system-out>
    <system-err><![CDATA[Starting ChromeDriver 76.0.3809.126 (d80a294506b4c9d18015e755cee48f953ddc3f2f-refs/branch-heads/3809@{#1024}) on port 33070
Only local connections are allowed.
Please protect ports used by ChromeDriver and related test frameworks to prevent access by malicious code.
Aug 23, 2019 1:47:18 AM org.openqa.selenium.remote.ProtocolHandshake createSession
INFO: Detected dialect: W3C
]]></system-err>
  </testcase>
</testsuite>